-------------------------------------------------------------------------------
Test set: apitests.AuthorizationTests
-------------------------------------------------------------------------------
Tests run: 4, Failures: 1, Errors: 0, Skipped: 0, Time elapsed: 5.73 s <<< FAILURE! - in apitests.AuthorizationTests
checkUserLoginWithoutEmail  Time elapsed: 0.826 s  <<< FAILURE!
org.opentest4j.AssertionFailedError: expected: <Missing email> but was: <Missing email or username>
	at apitests.AuthorizationTests.checkUserLoginWithoutEmail(AuthorizationTests.java:62)

