<?xml version="1.0" encoding="UTF-8"?>
<testsuite xmlns:xsi="http://www.w3.org/2001/XMLSchema-instance" xsi:noNamespaceSchemaLocation="https://maven.apache.org/surefire/maven-surefire-plugin/xsd/surefire-test-report.xsd" name="apitests.ResourceTests" time="3.205" tests="3" errors="0" skipped="0" failures="0">
  <properties>
[...]
</properties>
  <testcase name="getSingleResource" classname="apitests.ResourceTests" time="1.61"/>
  <testcase name="checkSingleResourceNotFound" classname="apitests.ResourceTests" time="0.496"/>
  <testcase name="getResourceList" classname="apitests.ResourceTests" time="1.079"/>
</testsuite>